<?xml version="1.0" encoding="UTF-8"?>
<testsuite xmlns:xsi="http://www.w3.org/2001/XMLSchema-instance" xsi:noNamespaceSchemaLocation="https://maven.apache.org/surefire/maven-surefire-plugin/xsd/surefire-test-report.xsd" name="vladimir.homework.ShopTest" time="0.03" tests="9" errors="0" skipped="0" failures="0">
  <properties>
[...]
</properties>
  <testcase name="findFood" classname="vladimir.homework.ShopTest" time="0"/>
  <testcase name="findToys" classname="vladimir.homework.ShopTest" time="0"/>
  <testcase name="deleteProduct" classname="vladimir.homework.ShopTest" time="0"/>
  <testcase name="findTheCheapest" classname="vladimir.homework.ShopTest" time="0.016"/>
  <testcase name="containsProduct" classname="vladimir.homework.ShopTest" time="0"/>
  <testcase name="size" classname="vladimir.homework.ShopTest" time="0"/>
  <testcase name="findPhones" classname="vladimir.homework.ShopTest" time="0"/>
  <testcase name="getProducts" classname="vladimir.homework.ShopTest" time="0"/>
  <testcase name="addProduct" classname="vladimir.homework.ShopTest" time="0"/>
</testsuite>